<?xml version="1.0" encoding="UTF-8"?>
<robot generator="Robot 7.1 (Python 3.12.6 on win32)" generated="2024-09-11T09:52:28.008242" rpa="false" schemaversion="5">
<suite id="s1" name="RF LoadDotEnv" source="C:\Workspace\RF_LoadDotEnv">
<suite id="s1-s1" name="Tests" source="C:\Workspace\RF_LoadDotEnv\tests">
<suite id="s1-s1-s1" name="LoadDotEnv" source="C:\Workspace\RF_LoadDotEnv\tests\LoadDotEnv.robot">
<test id="s1-s1-s1-t1" name="Load Dot Env" line="5">
<kw name="Log To Console" owner="BuiltIn">
<arg>URL: %{url=${None}}</arg>
<doc>Logs the given message to the console.</doc>
<status status="PASS" start="2024-09-11T09:52:28.278774" elapsed="0.000868"/>
</kw>
<kw name="Log To Console" owner="BuiltIn">
<arg>USER: %{user=${None}}</arg>
<doc>Logs the given message to the console.</doc>
<status status="PASS" start="2024-09-11T09:52:28.279852" elapsed="0.000373"/>
</kw>
<kw name="Log To Console" owner="BuiltIn">
<arg>PASSWORD: %{password=${None}}</arg>
<doc>Logs the given message to the console.</doc>
<status status="PASS" start="2024-09-11T09:52:28.280225" elapsed="0.000000"/>
</kw>
<status status="PASS" start="2024-09-11T09:52:28.277760" elapsed="0.002465"/>
</test>
<status status="PASS" start="2024-09-11T09:52:28.182645" elapsed="0.099610"/>
</suite>
<status status="PASS" start="2024-09-11T09:52:28.182645" elapsed="0.100610"/>
</suite>
<status status="PASS" start="2024-09-11T09:52:28.008242" elapsed="0.276013"/>
</suite>
<statistics>
<total>
<stat pass="1" fail="0" skip="0">All Tests</stat>
</total>
<tag>
</tag>
<suite>
<stat pass="1" fail="0" skip="0" id="s1" name="RF LoadDotEnv">RF LoadDotEnv</stat>
<stat pass="1" fail="0" skip="0" id="s1-s1" name="Tests">RF LoadDotEnv.Tests</stat>
<stat pass="1" fail="0" skip="0" id="s1-s1-s1" name="LoadDotEnv">RF LoadDotEnv.Tests.LoadDotEnv</stat>
</suite>
</statistics>
<errors>
</errors>
</robot>
